<?xml version="1.0" encoding="UTF-8"?>
<!-- Generated by org.testng.reporters.JUnitXMLReporter -->
<testsuite ignored="0" hostname="DTBLR01LP237" failures="0" tests="1" name="ActiTime test cases" time="0.047" errors="0" timestamp="2023-05-11T14:53:38 IST">
  <testcase classname="com.ActiTime.tests.LoginpageTest" name="@BeforeMethod setup" time="0.006">
    <failure type="java.lang.NullPointerException" message="Cannot invoke &amp;quot;java.util.Properties.getProperty(String)&amp;quot; because &amp;quot;com.ActiTime.base.BaseClass.prop&amp;quot; is null">
      <![CDATA[java.lang.NullPointerException: Cannot invoke "java.util.Properties.getProperty(String)" because "com.ActiTime.base.BaseClass.prop" is null
at com.ActiTime.base.BaseClass.initial(BaseClass.java:33)
at com.ActiTime.tests.LoginpageTest.setup(LoginpageTest.java:20)
at java.base/java.util.ArrayList.forEach(ArrayList.java:1511)
... Removed 29 stack frames]]>
    </failure>
  </testcase> <!-- @BeforeMethod setup -->
  <testcase classname="com.ActiTime.tests.LoginpageTest" name="logintest" time="0.0">
    <skipped/>
  </testcase> <!-- logintest -->
</testsuite> <!-- ActiTime test cases -->
